\BOOKMARK [0][-]{chapter.1}{\376\377\000I\000n\000t\000r\000o\000d\000u\000c\000t\000i\000o\000n}{}% 1
\BOOKMARK [0][-]{chapter.2}{\376\377\000D\000e\000s\000c\000r\000i\000p\000t\000i\000o\000n\000\040\000o\000f\000\040\000C\000L\000D\000\040\000d\000e\000t\000e\000c\000t\000o\000r\000s\000C\000L\000D}{}% 2
\BOOKMARK [1][-]{section.2.1}{\376\377\000D\000i\000m\000e\000n\000s\000i\000o\000n\000\040\000a\000n\000d\000\040\000l\000a\000y\000o\000u\000t}{chapter.2}% 3
\BOOKMARK [1][-]{section.2.2}{\376\377\000V\000e\000r\000t\000e\000x\000\040\000d\000e\000t\000e\000c\000t\000o\000r}{chapter.2}% 4
\BOOKMARK [1][-]{section.2.3}{\376\377\000S\000i\000l\000i\000c\000o\000n\000\040\000t\000r\000a\000c\000k\000e\000r}{chapter.2}% 5
\BOOKMARK [1][-]{section.2.4}{\376\377\000E\000l\000e\000c\000t\000r\000o\000m\000a\000g\000n\000e\000t\000i\000c\000\040\000c\000a\000l\000o\000r\000i\000m\000e\000t\000e\000r\000\050\000E\000C\000A\000L\000\051}{chapter.2}% 6
\BOOKMARK [1][-]{section.2.5}{\376\377\000H\000a\000d\000r\000o\000n\000\040\000c\000a\000l\000o\000r\000i\000m\000e\000t\000e\000r\000\050\000H\000C\000A\000L\000\051}{chapter.2}% 7
\BOOKMARK [1][-]{section.2.6}{\376\377\000M\000a\000g\000n\000e\000t\000\040\000s\000y\000s\000t\000e\000m}{chapter.2}% 8
\BOOKMARK [1][-]{section.2.7}{\376\377\000M\000u\000o\000n\000\040\000s\000y\000s\000t\000e\000m}{chapter.2}% 9
\BOOKMARK [1][-]{section.2.8}{\376\377\000F\000C\000C\000e\000e\000:\000\040\000e\000+\000+\000e\000-\000Z\000+\000H\000\040\000p\000r\000o\000c\000e\000s\000s\000\040}{chapter.2}% 10
\BOOKMARK [2][-]{subsection.2.8.1}{\376\377\000E\000v\000e\000n\000t\000\040\000g\000e\000n\000e\000r\000a\000t\000o\000r\000\040\000-\000\040\000P\000Y\000T\000H\000I\000A\0008}{section.2.8}% 11
\BOOKMARK [2][-]{subsection.2.8.2}{\376\377\000F\000C\000C\000e\000e\000\040\000:\000\040\000F\000u\000l\000l\000\040\000s\000i\000m\000u\000l\000a\000t\000i\000o\000n\000\040\000o\000f\000\040\000C\000L\000D\000\040\000b\000y\000\040\000D\000D\000S\000i\000m}{section.2.8}% 12
\BOOKMARK [2][-]{subsection.2.8.3}{\376\377\000J\000o\000b\000\040\000s\000u\000b\000m\000i\000s\000s\000i\000o\000n\000\040\000i\000n\000\040\000H\000T\000C\000o\000n\000d\000o\000r\000\040\000b\000a\000t\000c\000h\000\040\000s\000y\000s\000t\000e\000m}{section.2.8}% 13
\BOOKMARK [2][-]{subsection.2.8.4}{\376\377\000A\000n\000a\000l\000y\000s\000i\000s\000\040\000o\000f\000\040\000D\000e\000l\000p\000h\000e\000s\000\040\000s\000a\000m\000p\000l\000e\000s}{section.2.8}% 14
\BOOKMARK [0][-]{chapter.3}{\376\377\000R\000e\000s\000u\000l\000t\000\040\000a\000n\000d\000\040\000D\000i\000s\000s\000c\000u\000s\000i\000o\000n}{}% 15
\BOOKMARK [1][-]{section.3.1}{\376\377\000Z\000-\0003\000m\000u\000+\000\040\000+\000\040\000-\000\040\000p\000r\000o\000c\000e\000s\000s}{chapter.3}% 16
\BOOKMARK [1][-]{section.3.2}{\376\377\000Z\000-\0003\000m\000u\000e\000+\000\040\000+\000\040\000e\000-\000\040\000p\000r\000o\000c\000e\000s\000s}{chapter.3}% 17
\BOOKMARK [0][-]{chapter.4}{\376\377\000C\000o\000n\000c\000l\000u\000s\000i\000o\000n}{}% 18
\BOOKMARK [0][-]{chapter.5}{\376\377\000F\000u\000t\000u\000r\000e\000\040\000s\000t\000u\000d\000y}{}% 19
\BOOKMARK [0][-]{chapter.5}{\376\377\000R\000e\000f\000e\000r\000e\000n\000c\000e\000s}{}% 20
